<?xml version="1.0" encoding="UTF-8"?>
<testng-results skipped="0" failed="0" total="1" passed="1">
  <reporter-output>
  </reporter-output>
  <suite name="Default suite" duration-ms="40759" started-at="2016-10-20T05:51:05Z" finished-at="2016-10-20T05:51:46Z">
    <groups>
    </groups>
    <test name="Default test" duration-ms="40759" started-at="2016-10-20T05:51:05Z" finished-at="2016-10-20T05:51:46Z">
      <class name="com.project.selenium.test.IRCTCloginTest">
        <test-method status="PASS" signature="testMethod()[pri:0, instance:com.project.selenium.test.IRCTCloginTest@923288b]" name="testMethod" duration-ms="40715" started-at="2016-10-20T11:21:05Z" finished-at="2016-10-20T11:21:46Z">
          <reporter-output>
          </reporter-output>
        </test-method> <!-- testMethod -->
      </class> <!-- com.project.selenium.test.IRCTCloginTest -->
    </test> <!-- Default test -->
  </suite> <!-- Default suite -->
</testng-results>
